<?xml version="1.0" encoding="UTF-8"?>
<!-- Generated by org.testng.reporters.JUnitXMLReporter -->
<testsuite ignored="0" hostname="HLV-QYDY79V759" failures="0" tests="3" name="Command line test" time="1.752" errors="0" timestamp="2022-07-25T18:08:47 CEST">
  <testcase classname="ServiceTest" name="testGETMetadata" time="0.895"/>
  <testcase classname="ServiceTest" name="testGETMetadataProperty" time="0.317"/>
  <testcase classname="ServiceTest" name="testPOSTQuery" time="0.343"/>
</testsuite> <!-- Command line test -->
