<?xml version="1.0" encoding="UTF-8"?>
<testng-results ignored="0" total="4" passed="4" failed="0" skipped="0">
  <reporter-output>
  </reporter-output>
  <suite started-at="2022-07-28T12:20:36 CEST" name="TestServerMock" finished-at="2022-07-28T12:20:43 CEST" duration-ms="6296">
    <groups>
    </groups>
    <test started-at="2022-07-28T12:20:36 CEST" name="Command line test" finished-at="2022-07-28T12:20:43 CEST" duration-ms="6296">
      <class name="TestServerMock">
        <test-method signature="getMetadata()[pri:0, instance:TestServerMock@18bf3d14]" started-at="2022-07-28T12:20:36 CEST" name="getMetadata" finished-at="2022-07-28T12:20:42 CEST" duration-ms="5374" status="PASS">
          <reporter-output>
          </reporter-output>
        </test-method> <!-- getMetadata -->
        <test-method signature="getMetadataProperty()[pri:0, instance:TestServerMock@18bf3d14]" started-at="2022-07-28T12:20:42 CEST" name="getMetadataProperty" finished-at="2022-07-28T12:20:42 CEST" duration-ms="282" status="PASS">
          <reporter-output>
          </reporter-output>
        </test-method> <!-- getMetadataProperty -->
        <test-method signature="getMetadataPropertyDeserialized()[pri:0, instance:TestServerMock@18bf3d14]" started-at="2022-07-28T12:20:42 CEST" name="getMetadataPropertyDeserialized" finished-at="2022-07-28T12:20:42 CEST" duration-ms="267" status="PASS">
          <reporter-output>
          </reporter-output>
        </test-method> <!-- getMetadataPropertyDeserialized -->
        <test-method signature="postQuery()[pri:0, instance:TestServerMock@18bf3d14]" started-at="2022-07-28T12:20:42 CEST" name="postQuery" finished-at="2022-07-28T12:20:43 CEST" duration-ms="354" status="PASS">
          <reporter-output>
          </reporter-output>
        </test-method> <!-- postQuery -->
      </class> <!-- TestServerMock -->
    </test> <!-- Command line test -->
  </suite> <!-- TestServerMock -->
</testng-results>
