<?xml version="1.0" encoding="UTF-8"?>
<!-- Generated by org.testng.reporters.JUnitXMLReporter -->
<testsuite ignored="0" hostname="HLV-QYDY79V759" failures="0" tests="4" name="Command line test" time="6.296" errors="0" timestamp="2022-07-28T12:20:43 CEST">
  <testcase classname="TestServerMock" name="getMetadata" time="5.374"/>
  <testcase classname="TestServerMock" name="getMetadataProperty" time="0.282"/>
  <testcase classname="TestServerMock" name="getMetadataPropertyDeserialized" time="0.267"/>
  <testcase classname="TestServerMock" name="postQuery" time="0.354"/>
</testsuite> <!-- Command line test -->
